OMPL version 1.6.0
Experiment KinematicChain
1 experiment properties
num_links INTEGER = 20
Running on b5cc5d655346
Starting at 2024-09-23 02:50:38
<<<|
Properties of the state space 'RealVectorSpace0'
  - signature: 2 1 20 
  - dimension: 20
  - extent: 28.0993
  - sanity checks for state space passed
  - probability of valid states: 0.019
  - average length of a valid motion: 0.6893
  - average number of samples drawn per second: sampleUniform()=2.14184e+06 sampleUniformNear()=2.11358e+06 sampleGaussian()=901136
Settings for the state space 'RealVectorSpace0'
  - state validity check resolution: 1%
  - valid segment count factor: 1
  - state space:
Real vector state space 'RealVectorSpace0' of dimension 20 with bounds: 
  - min: -3.14159 -3.14159 -3.14159 -3.14159 -3.14159 -3.14159 -3.14159 -3.14159 -3.14159 -3.14159 -3.14159 -3.14159 -3.14159 -3.14159 -3.14159 -3.14159 -3.14159 -3.14159 -3.14159 -3.14159 
  - max: 3.14159 3.14159 3.14159 3.14159 3.14159 3.14159 3.14159 3.14159 3.14159 3.14159 3.14159 3.14159 3.14159 3.14159 3.14159 3.14159 3.14159 3.14159 3.14159 3.14159 

Declared parameters:
longest_valid_segment_fraction = 0.01
projection.cellsize.0 = 0.445979
projection.cellsize.1 = 0.58896
projection.cellsize.2 = 0.472868
projection.cellsize_factor = 0
valid_segment_count_factor = 1
Valid state sampler named uniform with parameters:
nr_attempts = 100
Start states:
RealVectorState [0 0.15708 0.15708 0.15708 0.15708 0.15708 0.15708 0.15708 0.15708 0.15708 0.15708 0.15708 0.15708 0.15708 0.15708 0.15708 0.15708 0.15708 0.15708 0.15708]
Goal state, threshold = 2.22045e-16, memory address = 0x650731dbcbe0, state = 
RealVectorState [3.14059 0 0 0 0 0 0 0 0 0 0 0 0 0 0 0 0 0 0 0]
OptimizationObjective = nullptr
There are 0 solutions

Properties of benchmarked planners:
Planner EST specs:
Multithreaded:                 No
Reports approximate solutions: Yes
Can optimize solutions:        No
Aware of the following parameters: goal_bias range
Planner RRT specs:
Multithreaded:                 No
Reports approximate solutions: Yes
Can optimize solutions:        No
Aware of the following parameters: goal_bias intermediate_states range
Planner RTP specs:
Multithreaded:                 No
Reports approximate solutions: Yes
Can optimize solutions:        No
Aware of the following parameters: goal_bias intermediate_states range
|>>>
<<<|
Architecture:                         x86_64
CPU op-mode(s):                       32-bit, 64-bit
Address sizes:                        39 bits physical, 48 bits virtual
Byte Order:                           Little Endian
CPU(s):                               8
On-line CPU(s) list:                  0-7
Vendor ID:                            GenuineIntel
Model name:                           Intel(R) Core(TM) i5-10300H CPU @ 2.50GHz
CPU family:                           6
Model:                                165
Thread(s) per core:                   2
Core(s) per socket:                   4
Socket(s):                            1
Stepping:                             2
CPU max MHz:                          4500.0000
CPU min MHz:                          800.0000
BogoMIPS:                             4999.90
Flags:                                fpu vme de pse tsc msr pae mce cx8 apic sep mtrr pge mca cmov pat pse36 clflush dts acpi mmx fxsr sse sse2 ss ht tm pbe syscall nx pdpe1gb rdtscp lm constant_tsc art arch_perfmon pebs bts rep_good nopl xtopology nonstop_tsc cpuid aperfmperf pni pclmulqdq dtes64 monitor ds_cpl vmx est tm2 ssse3 sdbg fma cx16 xtpr pdcm pcid sse4_1 sse4_2 x2apic movbe popcnt tsc_deadline_timer aes xsave avx f16c rdrand lahf_lm abm 3dnowprefetch cpuid_fault epb ssbd ibrs ibpb stibp ibrs_enhanced tpr_shadow flexpriority ept vpid ept_ad fsgsbase tsc_adjust bmi1 avx2 smep bmi2 erms invpcid mpx rdseed adx smap clflushopt intel_pt xsaveopt xsavec xgetbv1 xsaves dtherm ida arat pln pts hwp hwp_notify hwp_act_window hwp_epp vnmi pku ospke md_clear flush_l1d arch_capabilities
Virtualization:                       VT-x
L1d cache:                            128 KiB (4 instances)
L1i cache:                            128 KiB (4 instances)
L2 cache:                             1 MiB (4 instances)
L3 cache:                             8 MiB (1 instance)
NUMA node(s):                         1
NUMA node0 CPU(s):                    0-7
Vulnerability Gather data sampling:   Mitigation; Microcode
Vulnerability Itlb multihit:          KVM: Mitigation: VMX disabled
Vulnerability L1tf:                   Not affected
Vulnerability Mds:                    Not affected
Vulnerability Meltdown:               Not affected
Vulnerability Mmio stale data:        Mitigation; Clear CPU buffers; SMT vulnerable
Vulnerability Reg file data sampling: Not affected
Vulnerability Retbleed:               Mitigation; Enhanced IBRS
Vulnerability Spec rstack overflow:   Not affected
Vulnerability Spec store bypass:      Mitigation; Speculative Store Bypass disabled via prctl
Vulnerability Spectre v1:             Mitigation; usercopy/swapgs barriers and __user pointer sanitization
Vulnerability Spectre v2:             Mitigation; Enhanced / Automatic IBRS; IBPB conditional; RSB filling; PBRSB-eIBRS SW sequence; BHI SW loop, KVM SW loop
Vulnerability Srbds:                  Mitigation; Microcode
Vulnerability Tsx async abort:        Not affected
|>>>
10950431875733352 is the random seed
120 seconds per run
1024 MB per run
20 runs per planner
1508.05 seconds spent to collect the data
1 enum type
status|Unknown status|Invalid start|Invalid goal|Unrecognized goal type|Timeout|Approximate solution|Exact solution|Crash|Unknown status|Unknown status
3 planners
geometric_EST
8 common properties
goal_bias = 0.5
longest_valid_segment_fraction = 0.01
projection.cellsize.0 = 0.445979
projection.cellsize.1 = 0.58896
projection.cellsize.2 = 0.472868
projection.cellsize_factor = 0
range = 5.61985
valid_segment_count_factor = 1
22 properties for each run
approximate solution BOOLEAN
correct solution BOOLEAN
correct solution strict BOOLEAN
graph motions INTEGER
graph states INTEGER
memory REAL
simplification time REAL
simplified correct solution BOOLEAN
simplified correct solution strict BOOLEAN
simplified solution clearance REAL
simplified solution length REAL
simplified solution segments INTEGER
simplified solution smoothness REAL
solution clearance REAL
solution difference REAL
solution length REAL
solution segments INTEGER
solution smoothness REAL
solved BOOLEAN
status ENUM
time REAL
valid segment fraction REAL
20 runs
0; 1; 0; 36; 37; 8.875; 0.0304948; 1; 0; 0; 29.7701; 7; 0.51282; 0; 0; 32.1941; 7; 1.10646; 1; 6; 11.3548; 0.00061685; 
0; 1; 1; 47; 48; 8.875; 0.0545605; 1; 0; 0; 22.9074; 5; 0.369745; 0; 0; 31.2759; 5; 0.545985; 1; 6; 22.6123; 0.000454532; 
0; 1; 1; 22; 23; 8.875; 0.0446186; 1; 0; 0; 22.0763; 5; 0.142631; 0; 0; 21.5596; 4; 0.152207; 1; 6; 5.47698; 0.000788333; 
0; 1; 0; 22; 23; 8.875; 0.0517421; 1; 0; 0; 26.5762; 11; 20.7972; 0; 0; 35.4805; 6; 0.98858; 1; 6; 3.92746; 0.00113239; 
0; 1; 0; 37; 38; 8.875; 0.059222; 0; 0; 0; 35.5821; 10; 4.30807; 0; 0; 27.8775; 6; 0.745554; 1; 6; 12.0331; 0.000618729; 
0; 1; 0; 26; 27; 8.875; 0.0512808; 0; 0; 0; 30.2114; 7; 1.45805; 0; 0; 24.6536; 5; 0.65026; 1; 6; 3.7251; 0.0012989; 
0; 1; 0; 29; 30; 8.875; 0.0571077; 1; 0; 0; 30.9884; 7; 1.2896; 0; 0; 26.9056; 5; 0.96561; 1; 6; 8.93404; 0.000606162; 
0; 1; 1; 51; 52; 8.875; 0.0263137; 1; 1; 0; 23.7814; 6; 0.388285; 0; 0; 22.5007; 4; 0.311599; 1; 6; 26.1075; 0.000428784; 
0; 1; 0; 40; 41; 8.875; 0.0331565; 1; 0; 0; 23.842; 8; 0.729645; 0; 0; 23.6647; 4; 0.148034; 1; 6; 13.4129; 0.00063002; 
0; 1; 0; 34; 35; 8.875; 0.0595594; 1; 0; 0; 23.1552; 6; 0.269263; 0; 0; 28.479; 5; 0.484583; 1; 6; 11.0766; 0.000658162; 
0; 1; 0; 28; 29; 8.875; 0.0369342; 1; 0; 0; 21.4711; 6; 0.378458; 0; 0; 24.3665; 5; 0.462064; 1; 6; 7.99913; 0.000721222; 
0; 1; 1; 46; 47; 8.875; 0.0220259; 1; 0; 0; 23.5424; 4; 0.218087; 0; 0; 23.5266; 4; 0.729424; 1; 6; 33.0504; 0.000289432; 
0; 1; 0; 35; 36; 8.875; 0.0263908; 1; 0; 0; 27.9929; 6; 1.42615; 0; 0; 24.3216; 4; 0.25231; 1; 6; 11.5229; 0.000601778; 
0; 1; 0; 61; 62; 8.875; 0.0498182; 0; 0; 0; 30.9153; 11; 3.52054; 0; 0; 32.6427; 7; 2.60095; 1; 6; 38.3781; 0.000339857; 
0; 1; 0; 23; 24; 8.875; 0.0470592; 1; 0; 0; 24.1332; 7; 0.572765; 0; 0; 22.9585; 4; 0.198838; 1; 6; 3.5792; 0.0013179; 
0; 1; 1; 46; 47; 8.875; 0.0592077; 1; 0; 0; 23.6805; 7; 0.253545; 0; 0; 22.2476; 5; 0.387105; 1; 6; 14.3319; 0.000661575; 
0; 1; 0; 22; 23; 8.875; 0.0496945; 1; 0; 0; 25.1775; 5; 0.225706; 0; 0; 24.4449; 5; 0.659885; 1; 6; 3.30707; 0.00129488; 
0; 1; 0; 28; 29; 8.875; 0.0518324; 1; 1; 0; 25.948; 6; 1.03372; 0; 0; 27.2895; 4; 0.388483; 1; 6; 8.22156; 0.000668338; 
0; 1; 0; 29; 30; 8.875; 0.0543108; 1; 0; 0; 23.0472; 5; 0.418422; 0; 0; 25.9187; 6; 0.669071; 1; 6; 7.14734; 0.000787423; 
0; 1; 0; 28; 29; 8.875; 0.0393066; 0; 0; 0; 24.4404; 5; 0.282571; 0; 0; 23.6268; 4; 0.213817; 1; 6; 6.83508; 0.000811853; 
.
geometric_RRT
9 common properties
goal_bias = 0.05
intermediate_states = 0
longest_valid_segment_fraction = 0.01
projection.cellsize.0 = 0.445979
projection.cellsize.1 = 0.58896
projection.cellsize.2 = 0.472868
projection.cellsize_factor = 0
range = 5.61985
valid_segment_count_factor = 1
22 properties for each run
approximate solution BOOLEAN
correct solution BOOLEAN
correct solution strict BOOLEAN
graph motions INTEGER
graph states INTEGER
memory REAL
simplification time REAL
simplified correct solution BOOLEAN
simplified correct solution strict BOOLEAN
simplified solution clearance REAL
simplified solution length REAL
simplified solution segments INTEGER
simplified solution smoothness REAL
solution clearance REAL
solution difference REAL
solution length REAL
solution segments INTEGER
solution smoothness REAL
solved BOOLEAN
status ENUM
time REAL
valid segment fraction REAL
20 runs
1; 1; 0; 119; 120; 8.875; 0.06835; 1; 0; 0; 19.6083; 7; 1.70775; 0; 9.08635; 24.7842; 11; 8.02835; 0; 5; 120.075; 5.54721e-05; 
0; 1; 0; 14; 15; 8.875; 0.0384473; 1; 1; 0; 28.0844; 10; 4.06211; 0; 0; 23.6188; 5; 0.430896; 1; 6; 2.58383; 0.000105721; 
0; 1; 0; 39; 40; 8.875; 0.0520443; 1; 0; 0; 32.7402; 9; 2.70395; 0; 0; 29.6494; 9; 4.59587; 1; 6; 19.1732; 7.15805e-05; 
0; 1; 0; 11; 12; 8.875; 0.0476535; 1; 0; 0; 22.6609; 6; 0.712902; 0; 0; 27.7495; 8; 3.19094; 1; 6; 2.96408; 6.36346e-05; 
0; 1; 0; 40; 41; 8.875; 0.0701309; 1; 0; 0; 28.4515; 7; 1.56678; 0; 0; 26.887; 8; 2.13937; 1; 6; 31.6837; 4.30169e-05; 
0; 1; 0; 30; 31; 8.875; 0.0775302; 0; 0; 0; 28.9301; 11; 5.26066; 0; 0; 29.155; 8; 1.60296; 1; 6; 29.6962; 3.89033e-05; 
0; 1; 0; 26; 27; 8.875; 0.0616238; 1; 1; 0; 23.5485; 6; 0.387009; 0; 0; 30.3398; 9; 4.36894; 1; 6; 17.4131; 3.54653e-05; 
0; 1; 1; 15; 16; 8.875; 0.0622662; 1; 1; 0; 22.8611; 5; 0.24429; 0; 0; 31.3679; 9; 3.39888; 1; 6; 7.10408; 4.27089e-05; 
0; 1; 0; 16; 17; 8.875; 0.0591756; 1; 0; 0; 22.2519; 8; 1.43836; 0; 0; 29.6296; 8; 1.9246; 1; 6; 4.19113; 8.54249e-05; 
0; 1; 0; 11; 12; 8.875; 0.0374503; 1; 0; 0; 23.4131; 8; 1.68395; 0; 0; 25.4351; 6; 0.485132; 1; 6; 2.5556; 8.33794e-05; 
0; 1; 0; 32; 33; 8.875; 0.0463058; 1; 0; 0; 27.8844; 9; 1.63192; 0; 0; 28.4445; 9; 2.62194; 1; 6; 21.4665; 4.74237e-05; 
0; 1; 0; 36; 37; 8.875; 0.054544; 1; 0; 0; 24.7043; 6; 0.637527; 0; 0; 36.604; 12; 6.1753; 1; 6; 21.191; 5.59387e-05; 
0; 1; 1; 9; 10; 8.875; 0.0421974; 1; 1; 0; 23.3411; 6; 0.91672; 0; 0; 25.4171; 7; 1.75011; 1; 6; 3.5955; 3.35192e-05; 
0; 1; 0; 70; 71; 8.875; 0.0394571; 1; 1; 0; 27.7343; 17; 24.8626; 0; 0; 27.2662; 9; 4.41187; 1; 6; 60.7002; 5.69352e-05; 
0; 1; 0; 11; 12; 8.875; 0.0529458; 1; 0; 0; 25.4634; 9; 1.97124; 0; 0; 32.5128; 8; 1.45319; 1; 6; 3.8226; 3.92648e-05; 
0; 1; 0; 37; 38; 8.875; 0.0418787; 0; 0; 0; 29.4378; 7; 1.71851; 0; 0; 29.1692; 9; 3.09074; 1; 6; 20.5249; 5.57916e-05; 
0; 1; 0; 38; 39; 8.875; 0.0970441; 0; 0; 0; 36.3703; 10; 5.09747; 0; 0; 30.1891; 10; 3.36515; 1; 6; 15.5154; 8.34695e-05; 
0; 1; 0; 24; 25; 8.875; 0.0651917; 0; 0; 0; 29.7356; 7; 3.46445; 0; 0; 27.1663; 9; 4.40248; 1; 6; 13.7764; 4.51809e-05; 
0; 1; 1; 38; 39; 8.875; 0.052317; 1; 0; 0; 24.0747; 9; 0.850287; 0; 0; 27.0516; 7; 1.93328; 1; 6; 28.9277; 4.93576e-05; 
0; 1; 0; 38; 39; 8.875; 0.0428353; 1; 0; 0; 24.138; 8; 0.624198; 0; 0; 35.3712; 12; 4.28577; 1; 6; 12.2403; 8.08531e-05; 
.
geometric_RTP
9 common properties
goal_bias = 0.05
intermediate_states = 0
longest_valid_segment_fraction = 0.01
projection.cellsize.0 = 0.445979
projection.cellsize.1 = 0.58896
projection.cellsize.2 = 0.472868
projection.cellsize_factor = 0
range = 5.61985
valid_segment_count_factor = 1
22 properties for each run
approximate solution BOOLEAN
correct solution BOOLEAN
correct solution strict BOOLEAN
graph motions INTEGER
graph states INTEGER
memory REAL
simplification time REAL
simplified correct solution BOOLEAN
simplified correct solution strict BOOLEAN
simplified solution clearance REAL
simplified solution length REAL
simplified solution segments INTEGER
simplified solution smoothness REAL
solution clearance REAL
solution difference REAL
solution length REAL
solution segments INTEGER
solution smoothness REAL
solved BOOLEAN
status ENUM
time REAL
valid segment fraction REAL
20 runs
0; 1; 0; 183; 184; 8.875; 0.0623293; 1; 0; 0; 30.6703; 7; 0.872953; 0; 0; 37.3006; 8; 1.59741; 1; 6; 29.6722; 8.43444e-05; 
0; 1; 0; 167; 168; 8.875; 0.0408145; 1; 0; 0; 24.0982; 6; 0.284571; 0; 0; 24.6536; 6; 0.690339; 1; 6; 36.6628; 6.18704e-05; 
0; 1; 0; 157; 158; 8.875; 0.0473114; 1; 0; 0; 24.1798; 4; 0.130581; 0; 0; 33.6892; 7; 0.662725; 1; 6; 28.6583; 7.28755e-05; 
0; 1; 1; 257; 258; 8.875; 0.0361107; 1; 0; 0; 27.9104; 10; 1.84101; 0; 0; 28.5262; 6; 0.68563; 1; 6; 60.4891; 6.39695e-05; 
0; 1; 0; 175; 176; 8.875; 0.0414372; 1; 0; 0; 22.9882; 6; 0.184731; 0; 0; 45.5542; 7; 0.359163; 1; 6; 33.551; 6.81931e-05; 
0; 1; 0; 140; 141; 8.875; 0.0388794; 1; 0; 0; 21.529; 7; 0.278371; 0; 0; 41.5553; 7; 0.359737; 1; 6; 22.6122; 7.92182e-05; 
0; 1; 0; 223; 224; 8.875; 0.0418028; 1; 0; 0; 24.0289; 7; 0.362359; 0; 0; 38.0908; 7; 0.484936; 1; 6; 60.1077; 5.7044e-05; 
1; 1; 1; 343; 344; 8.875; 0.0283416; 1; 0; 0; 15.7526; 5; 0.4335; 0; 7.25595; 16.0633; 3; 0.111447; 0; 5; 120.022; 5.08356e-05; 
0; 1; 1; 97; 98; 8.875; 0.0400329; 1; 0; 0; 23.8786; 5; 0.184029; 0; 0; 25.2789; 6; 0.733431; 1; 6; 11.8795; 0.000102139; 
0; 1; 0; 90; 91; 8.875; 0.0375887; 1; 0; 0; 23.5685; 6; 0.713874; 0; 0; 21.141; 4; 0.0726309; 1; 6; 11.7465; 9.37864e-05; 
0; 1; 0; 96; 97; 8.875; 0.0355551; 1; 0; 0; 23.9732; 9; 2.1354; 0; 0; 26.0305; 7; 1.39076; 1; 6; 6.67296; 0.000170639; 
0; 1; 0; 218; 219; 8.875; 0.0504982; 1; 0; 0; 24.1011; 9; 1.37757; 0; 0; 35.3963; 8; 0.893212; 1; 6; 44.7242; 7.20803e-05; 
0; 1; 0; 34; 35; 8.875; 0.0360693; 1; 0; 0; 25.232; 5; 0.395417; 0; 0; 22.4293; 5; 0.250737; 1; 6; 2.26425; 0.00017156; 
0; 1; 0; 202; 203; 8.875; 0.0688476; 1; 0; 0; 27.4514; 8; 1.14393; 0; 0; 24.3239; 5; 0.25972; 1; 6; 57.2306; 5.31922e-05; 
0; 1; 0; 210; 211; 8.875; 0.0658278; 0; 0; 0; 28.0931; 6; 1.59392; 0; 0; 24.9232; 6; 0.393647; 1; 6; 49.3991; 6.34919e-05; 
0; 1; 0; 118; 119; 8.875; 0.0713187; 0; 0; 0; 32.3968; 10; 1.41031; 0; 0; 29.3431; 6; 0.22947; 1; 6; 17.8532; 8.859e-05; 
0; 1; 0; 137; 138; 8.875; 0.0845603; 1; 0; 0; 27.0923; 7; 0.94838; 0; 0; 42.3834; 9; 1.13795; 1; 6; 33.89; 7.50835e-05; 
0; 1; 0; 156; 157; 8.875; 0.0368111; 1; 0; 0; 24.5081; 6; 0.524552; 0; 0; 27.4919; 6; 0.87166; 1; 6; 39.3518; 6.58999e-05; 
0; 1; 1; 140; 141; 8.875; 0.0894068; 0; 0; 0; 33.7671; 10; 4.39401; 0; 0; 53.4112; 10; 1.11789; 1; 6; 24.8182; 8.49164e-05; 
1; 1; 1; 319; 320; 8.875; 0.0105203; 1; 1; 0; 9.95067; 2; 0.0518412; 0; 10.3758; 9.81808; 2; 0.0496759; 0; 5; 120.021; 5.00479e-05; 
.
